0 info it worked if it ends with ok
1 verbose cli [ '/Users/shma/.nodebrew/current/bin/node',
1 verbose cli   '/Users/shma/.nodebrew/current/bin/npm',
1 verbose cli   'install' ]
2 info using npm@1.4.28
3 info using node@v0.10.32
4 verbose node symlink /Users/shma/.nodebrew/current/bin/node
5 verbose readDependencies using package.json deps
6 verbose install where, deps [ '/Users/shma/work/dmx-node',
6 verbose install   [ 'body-parser',
6 verbose install     'cookie-parser',
6 verbose install     'debug',
6 verbose install     'express',
6 verbose install     'jade',
6 verbose install     'morgan',
6 verbose install     'serve-favicon' ] ]
7 info preinstall dmx-node@0.0.0
8 verbose readDependencies using package.json deps
9 verbose cache add [ 'body-parser@~1.12.0', null ]
10 verbose cache add name=undefined spec="body-parser@~1.12.0" args=["body-parser@~1.12.0",null]
11 verbose parsed url { protocol: null,
11 verbose parsed url   slashes: null,
11 verbose parsed url   auth: null,
11 verbose parsed url   host: null,
11 verbose parsed url   port: null,
11 verbose parsed url   hostname: null,
11 verbose parsed url   hash: null,
11 verbose parsed url   search: null,
11 verbose parsed url   query: null,
11 verbose parsed url   pathname: 'body-parser@~1.12.0',
11 verbose parsed url   path: 'body-parser@~1.12.0',
11 verbose parsed url   href: 'body-parser@~1.12.0' }
12 verbose cache add [ 'cookie-parser@~1.3.4', null ]
13 verbose cache add name=undefined spec="cookie-parser@~1.3.4" args=["cookie-parser@~1.3.4",null]
14 verbose parsed url { protocol: null,
14 verbose parsed url   slashes: null,
14 verbose parsed url   auth: null,
14 verbose parsed url   host: null,
14 verbose parsed url   port: null,
14 verbose parsed url   hostname: null,
14 verbose parsed url   hash: null,
14 verbose parsed url   search: null,
14 verbose parsed url   query: null,
14 verbose parsed url   pathname: 'cookie-parser@~1.3.4',
14 verbose parsed url   path: 'cookie-parser@~1.3.4',
14 verbose parsed url   href: 'cookie-parser@~1.3.4' }
15 verbose cache add [ 'debug@~2.1.1', null ]
16 verbose cache add name=undefined spec="debug@~2.1.1" args=["debug@~2.1.1",null]
17 verbose parsed url { protocol: null,
17 verbose parsed url   slashes: null,
17 verbose parsed url   auth: null,
17 verbose parsed url   host: null,
17 verbose parsed url   port: null,
17 verbose parsed url   hostname: null,
17 verbose parsed url   hash: null,
17 verbose parsed url   search: null,
17 verbose parsed url   query: null,
17 verbose parsed url   pathname: 'debug@~2.1.1',
17 verbose parsed url   path: 'debug@~2.1.1',
17 verbose parsed url   href: 'debug@~2.1.1' }
18 verbose cache add name="body-parser" spec="~1.12.0" args=["body-parser","~1.12.0"]
19 verbose parsed url { protocol: null,
19 verbose parsed url   slashes: null,
19 verbose parsed url   auth: null,
19 verbose parsed url   host: null,
19 verbose parsed url   port: null,
19 verbose parsed url   hostname: null,
19 verbose parsed url   hash: null,
19 verbose parsed url   search: null,
19 verbose parsed url   query: null,
19 verbose parsed url   pathname: '~1.12.0',
19 verbose parsed url   path: '~1.12.0',
19 verbose parsed url   href: '~1.12.0' }
20 verbose addNamed [ 'body-parser', '~1.12.0' ]
21 verbose addNamed [ null, '>=1.12.0-0 <1.13.0-0' ]
22 verbose cache add name="cookie-parser" spec="~1.3.4" args=["cookie-parser","~1.3.4"]
23 verbose parsed url { protocol: null,
23 verbose parsed url   slashes: null,
23 verbose parsed url   auth: null,
23 verbose parsed url   host: null,
23 verbose parsed url   port: null,
23 verbose parsed url   hostname: null,
23 verbose parsed url   hash: null,
23 verbose parsed url   search: null,
23 verbose parsed url   query: null,
23 verbose parsed url   pathname: '~1.3.4',
23 verbose parsed url   path: '~1.3.4',
23 verbose parsed url   href: '~1.3.4' }
24 verbose addNamed [ 'cookie-parser', '~1.3.4' ]
25 verbose addNamed [ null, '>=1.3.4-0 <1.4.0-0' ]
26 verbose already installed skipping express@~4.12.2 /Users/shma/work/dmx-node
27 verbose cache add name="debug" spec="~2.1.1" args=["debug","~2.1.1"]
28 verbose parsed url { protocol: null,
28 verbose parsed url   slashes: null,
28 verbose parsed url   auth: null,
28 verbose parsed url   host: null,
28 verbose parsed url   port: null,
28 verbose parsed url   hostname: null,
28 verbose parsed url   hash: null,
28 verbose parsed url   search: null,
28 verbose parsed url   query: null,
28 verbose parsed url   pathname: '~2.1.1',
28 verbose parsed url   path: '~2.1.1',
28 verbose parsed url   href: '~2.1.1' }
29 verbose addNamed [ 'debug', '~2.1.1' ]
30 verbose addNamed [ null, '>=2.1.1-0 <2.2.0-0' ]
31 silly lockFile 6121e062-body-parser-1-12-0 body-parser@~1.12.0
32 verbose lock body-parser@~1.12.0 /Users/shma/.npm/6121e062-body-parser-1-12-0.lock
33 silly lockFile bb69fa92-cookie-parser-1-3-4 cookie-parser@~1.3.4
34 verbose lock cookie-parser@~1.3.4 /Users/shma/.npm/bb69fa92-cookie-parser-1-3-4.lock
35 silly lockFile 09d11068-debug-2-1-1 debug@~2.1.1
36 verbose lock debug@~2.1.1 /Users/shma/.npm/09d11068-debug-2-1-1.lock
37 verbose cache add [ 'jade@~1.9.2', null ]
38 verbose cache add name=undefined spec="jade@~1.9.2" args=["jade@~1.9.2",null]
39 verbose parsed url { protocol: null,
39 verbose parsed url   slashes: null,
39 verbose parsed url   auth: null,
39 verbose parsed url   host: null,
39 verbose parsed url   port: null,
39 verbose parsed url   hostname: null,
39 verbose parsed url   hash: null,
39 verbose parsed url   search: null,
39 verbose parsed url   query: null,
39 verbose parsed url   pathname: 'jade@~1.9.2',
39 verbose parsed url   path: 'jade@~1.9.2',
39 verbose parsed url   href: 'jade@~1.9.2' }
40 verbose cache add name="jade" spec="~1.9.2" args=["jade","~1.9.2"]
41 verbose parsed url { protocol: null,
41 verbose parsed url   slashes: null,
41 verbose parsed url   auth: null,
41 verbose parsed url   host: null,
41 verbose parsed url   port: null,
41 verbose parsed url   hostname: null,
41 verbose parsed url   hash: null,
41 verbose parsed url   search: null,
41 verbose parsed url   query: null,
41 verbose parsed url   pathname: '~1.9.2',
41 verbose parsed url   path: '~1.9.2',
41 verbose parsed url   href: '~1.9.2' }
42 verbose addNamed [ 'jade', '~1.9.2' ]
43 verbose addNamed [ null, '>=1.9.2-0 <1.10.0-0' ]
44 silly lockFile ee522cbd-jade-1-9-2 jade@~1.9.2
45 verbose lock jade@~1.9.2 /Users/shma/.npm/ee522cbd-jade-1-9-2.lock
46 silly addNameRange { name: 'cookie-parser',
46 silly addNameRange   range: '>=1.3.4-0 <1.4.0-0',
46 silly addNameRange   hasData: false }
47 silly addNameRange { name: 'debug', range: '>=2.1.1-0 <2.2.0-0', hasData: false }
48 verbose already installed skipping morgan@~1.5.1 /Users/shma/work/dmx-node
49 verbose already installed skipping serve-favicon@~2.2.0 /Users/shma/work/dmx-node
50 silly addNameRange { name: 'body-parser',
50 silly addNameRange   range: '>=1.12.0-0 <1.13.0-0',
50 silly addNameRange   hasData: false }
51 silly addNameRange { name: 'jade', range: '>=1.9.2-0 <1.10.0-0', hasData: false }
52 verbose request where is /jade
53 verbose request registry https://registry.npmjs.org/
54 verbose request id d8509b53f7c8efd0
55 verbose url raw /jade
56 verbose url resolving [ 'https://registry.npmjs.org/', './jade' ]
57 verbose url resolved https://registry.npmjs.org/jade
58 verbose request where is https://registry.npmjs.org/jade
59 info trying registry request attempt 1 at 15:07:50
60 http GET https://registry.npmjs.org/jade
61 verbose request where is /debug
62 verbose request registry https://registry.npmjs.org/
63 verbose url raw /debug
64 verbose url resolving [ 'https://registry.npmjs.org/', './debug' ]
65 verbose url resolved https://registry.npmjs.org/debug
66 verbose request where is https://registry.npmjs.org/debug
67 info trying registry request attempt 1 at 15:07:50
68 verbose etag "EX0AZYLO1QE8JXU8E91LJPBB5"
69 http GET https://registry.npmjs.org/debug
70 verbose request where is /cookie-parser
71 verbose request registry https://registry.npmjs.org/
72 verbose url raw /cookie-parser
73 verbose url resolving [ 'https://registry.npmjs.org/', './cookie-parser' ]
74 verbose url resolved https://registry.npmjs.org/cookie-parser
75 verbose request where is https://registry.npmjs.org/cookie-parser
76 info trying registry request attempt 1 at 15:07:50
77 verbose etag "8A1YHEHALF2XQE67J11GJQGAT"
78 http GET https://registry.npmjs.org/cookie-parser
79 verbose request where is /body-parser
80 verbose request registry https://registry.npmjs.org/
81 verbose url raw /body-parser
82 verbose url resolving [ 'https://registry.npmjs.org/', './body-parser' ]
83 verbose url resolved https://registry.npmjs.org/body-parser
84 verbose request where is https://registry.npmjs.org/body-parser
85 info trying registry request attempt 1 at 15:07:50
86 verbose etag "5A6LIVB4AQD6Z29RNKZ5JD8ZY"
87 http GET https://registry.npmjs.org/body-parser
88 http 304 https://registry.npmjs.org/debug
89 silly registry.get cb [ 304,
89 silly registry.get   { date: 'Mon, 11 May 2015 06:07:49 GMT',
89 silly registry.get     via: '1.1 varnish',
89 silly registry.get     'cache-control': 'max-age=60',
89 silly registry.get     etag: '"EX0AZYLO1QE8JXU8E91LJPBB5"',
89 silly registry.get     age: '33',
89 silly registry.get     connection: 'keep-alive',
89 silly registry.get     'x-served-by': 'cache-nrt6126-NRT',
89 silly registry.get     'x-cache': 'HIT',
89 silly registry.get     'x-cache-hits': '2',
89 silly registry.get     'x-timer': 'S1431324469.348759,VS0,VE0',
89 silly registry.get     vary: 'Accept' } ]
90 verbose etag https://registry.npmjs.org/debug from cache
91 silly addNameRange number 2 { name: 'debug', range: '>=2.1.1-0 <2.2.0-0', hasData: true }
92 silly addNameRange versions [ 'debug',
92 silly addNameRange   [ '0.0.1',
92 silly addNameRange     '0.1.0',
92 silly addNameRange     '0.2.0',
92 silly addNameRange     '0.3.0',
92 silly addNameRange     '0.4.0',
92 silly addNameRange     '0.4.1',
92 silly addNameRange     '0.5.0',
92 silly addNameRange     '0.6.0',
92 silly addNameRange     '0.7.0',
92 silly addNameRange     '0.7.1',
92 silly addNameRange     '0.7.2',
92 silly addNameRange     '0.7.3',
92 silly addNameRange     '0.7.4',
92 silly addNameRange     '0.8.0',
92 silly addNameRange     '0.8.1',
92 silly addNameRange     '1.0.0',
92 silly addNameRange     '1.0.1',
92 silly addNameRange     '1.0.2',
92 silly addNameRange     '1.0.3',
92 silly addNameRange     '1.0.4',
92 silly addNameRange     '2.0.0',
92 silly addNameRange     '2.1.0',
92 silly addNameRange     '2.1.1',
92 silly addNameRange     '2.1.2',
92 silly addNameRange     '2.1.3',
92 silly addNameRange     '2.2.0' ] ]
93 verbose addNamed [ 'debug', '2.1.3' ]
94 verbose addNamed [ '2.1.3', '2.1.3' ]
95 silly lockFile aef7a5b5-debug-2-1-3 debug@2.1.3
96 verbose lock debug@2.1.3 /Users/shma/.npm/aef7a5b5-debug-2-1-3.lock
97 silly lockFile aef7a5b5-debug-2-1-3 debug@2.1.3
98 silly lockFile aef7a5b5-debug-2-1-3 debug@2.1.3
99 silly lockFile 09d11068-debug-2-1-1 debug@~2.1.1
100 silly lockFile 09d11068-debug-2-1-1 debug@~2.1.1
101 http 200 https://registry.npmjs.org/cookie-parser
102 silly registry.get cb [ 200,
102 silly registry.get   { server: 'CouchDB/1.5.0 (Erlang OTP/R16B03)',
102 silly registry.get     etag: '"1247I30SVK5AHNH0U4FCVWLPR"',
102 silly registry.get     'content-type': 'application/json',
102 silly registry.get     'cache-control': 'max-age=60',
102 silly registry.get     'content-length': '15596',
102 silly registry.get     'accept-ranges': 'bytes',
102 silly registry.get     date: 'Mon, 11 May 2015 06:07:49 GMT',
102 silly registry.get     via: '1.1 varnish',
102 silly registry.get     age: '37',
102 silly registry.get     connection: 'keep-alive',
102 silly registry.get     'x-served-by': 'cache-nrt6122-NRT',
102 silly registry.get     'x-cache': 'HIT',
102 silly registry.get     'x-cache-hits': '1',
102 silly registry.get     'x-timer': 'S1431324469.348774,VS0,VE0',
102 silly registry.get     vary: 'Accept' } ]
103 silly addNameRange number 2 { name: 'cookie-parser',
103 silly addNameRange   range: '>=1.3.4-0 <1.4.0-0',
103 silly addNameRange   hasData: true }
104 silly addNameRange versions [ 'cookie-parser',
104 silly addNameRange   [ '1.0.0',
104 silly addNameRange     '1.0.1',
104 silly addNameRange     '1.1.0',
104 silly addNameRange     '1.2.0',
104 silly addNameRange     '1.3.0',
104 silly addNameRange     '1.3.1',
104 silly addNameRange     '1.3.2',
104 silly addNameRange     '1.3.3',
104 silly addNameRange     '1.3.4' ] ]
105 verbose addNamed [ 'cookie-parser', '1.3.4' ]
106 verbose addNamed [ '1.3.4', '1.3.4' ]
107 silly lockFile db8a9715-cookie-parser-1-3-4 cookie-parser@1.3.4
108 verbose lock cookie-parser@1.3.4 /Users/shma/.npm/db8a9715-cookie-parser-1-3-4.lock
109 silly lockFile db8a9715-cookie-parser-1-3-4 cookie-parser@1.3.4
110 silly lockFile db8a9715-cookie-parser-1-3-4 cookie-parser@1.3.4
111 silly lockFile bb69fa92-cookie-parser-1-3-4 cookie-parser@~1.3.4
112 silly lockFile bb69fa92-cookie-parser-1-3-4 cookie-parser@~1.3.4
113 http 200 https://registry.npmjs.org/jade
114 silly registry.get cb [ 200,
114 silly registry.get   { server: 'CouchDB/1.5.0 (Erlang OTP/R16B03)',
114 silly registry.get     etag: '"4CBMTXG8TCJ598DLTYYLWAA5O"',
114 silly registry.get     'content-type': 'application/json',
114 silly registry.get     'cache-control': 'max-age=60',
114 silly registry.get     'content-length': '141513',
114 silly registry.get     'accept-ranges': 'bytes',
114 silly registry.get     date: 'Mon, 11 May 2015 06:07:49 GMT',
114 silly registry.get     via: '1.1 varnish',
114 silly registry.get     age: '14',
114 silly registry.get     connection: 'keep-alive',
114 silly registry.get     'x-served-by': 'cache-nrt6130-NRT',
114 silly registry.get     'x-cache': 'HIT',
114 silly registry.get     'x-cache-hits': '1',
114 silly registry.get     'x-timer': 'S1431324469.355240,VS0,VE1',
114 silly registry.get     vary: 'Accept' } ]
115 silly addNameRange number 2 { name: 'jade', range: '>=1.9.2-0 <1.10.0-0', hasData: true }
116 silly addNameRange versions [ 'jade',
116 silly addNameRange   [ '0.0.1',
116 silly addNameRange     '0.0.2',
116 silly addNameRange     '0.1.0',
116 silly addNameRange     '0.2.0',
116 silly addNameRange     '0.2.1',
116 silly addNameRange     '0.2.2',
116 silly addNameRange     '0.2.3',
116 silly addNameRange     '0.2.4',
116 silly addNameRange     '0.3.0',
116 silly addNameRange     '0.4.0',
116 silly addNameRange     '0.4.1',
116 silly addNameRange     '0.5.0',
116 silly addNameRange     '0.5.1',
116 silly addNameRange     '0.5.2',
116 silly addNameRange     '0.5.3',
116 silly addNameRange     '0.5.4',
116 silly addNameRange     '0.5.5',
116 silly addNameRange     '0.5.6',
116 silly addNameRange     '0.5.7',
116 silly addNameRange     '0.6.0',
116 silly addNameRange     '0.6.1',
116 silly addNameRange     '0.6.3',
116 silly addNameRange     '0.7.0',
116 silly addNameRange     '0.7.1',
116 silly addNameRange     '0.8.0',
116 silly addNameRange     '0.8.1',
116 silly addNameRange     '0.8.2',
116 silly addNameRange     '0.8.3',
116 silly addNameRange     '0.8.4',
116 silly addNameRange     '0.8.5',
116 silly addNameRange     '0.8.6',
116 silly addNameRange     '0.8.7',
116 silly addNameRange     '0.8.8',
116 silly addNameRange     '0.8.9',
116 silly addNameRange     '0.9.0',
116 silly addNameRange     '0.9.1',
116 silly addNameRange     '0.9.2',
116 silly addNameRange     '0.9.3',
116 silly addNameRange     '0.10.0',
116 silly addNameRange     '0.10.1',
116 silly addNameRange     '0.10.2',
116 silly addNameRange     '0.10.3',
116 silly addNameRange     '0.10.4',
116 silly addNameRange     '0.10.5',
116 silly addNameRange     '0.10.6',
116 silly addNameRange     '0.10.7',
116 silly addNameRange     '0.11.0',
116 silly addNameRange     '0.11.1',
116 silly addNameRange     '0.12.0',
116 silly addNameRange     '0.12.1',
116 silly addNameRange     '0.12.2',
116 silly addNameRange     '0.12.3',
116 silly addNameRange     '0.12.4',
116 silly addNameRange     '0.13.0',
116 silly addNameRange     '0.14.0',
116 silly addNameRange     '0.14.1',
116 silly addNameRange     '0.14.2',
116 silly addNameRange     '0.15.0',
116 silly addNameRange     '0.15.1',
116 silly addNameRange     '0.15.2',
116 silly addNameRange     '0.15.3',
116 silly addNameRange     '0.15.4',
116 silly addNameRange     '0.16.0',
116 silly addNameRange     '0.16.1',
116 silly addNameRange     '0.16.2',
116 silly addNameRange     '0.16.3',
116 silly addNameRange     '0.16.4',
116 silly addNameRange     '0.17.0',
116 silly addNameRange     '0.18.0',
116 silly addNameRange     '0.19.0',
116 silly addNameRange     '0.20.0',
116 silly addNameRange     '0.20.1',
116 silly addNameRange     '0.20.2',
116 silly addNameRange     '0.20.3',
116 silly addNameRange     '0.21.0',
116 silly addNameRange     '0.22.0',
116 silly addNameRange     '0.22.1',
116 silly addNameRange     '0.23.0',
116 silly addNameRange     '0.24.0',
116 silly addNameRange     '0.25.0',
116 silly addNameRange     '0.26.0',
116 silly addNameRange     '0.26.1',
116 silly addNameRange     '0.26.2',
116 silly addNameRange     '0.26.3',
116 silly addNameRange     '0.27.0',
116 silly addNameRange     '0.27.1',
116 silly addNameRange     '0.27.2',
116 silly addNameRange     '0.27.3',
116 silly addNameRange     '0.27.4',
116 silly addNameRange     '0.27.5',
116 silly addNameRange     '0.27.6',
116 silly addNameRange     '0.27.7',
116 silly addNameRange     '0.28.0',
116 silly addNameRange     '0.28.1',
116 silly addNameRange     '0.28.2',
116 silly addNameRange     '0.29.0',
116 silly addNameRange     '0.30.0',
116 silly addNameRange     '0.31.0',
116 silly addNameRange     '0.31.1',
116 silly addNameRange     '0.31.2',
116 silly addNameRange     '0.32.0',
116 silly addNameRange     '0.33.0',
116 silly addNameRange     '0.34.0',
116 silly addNameRange     '0.34.1',
116 silly addNameRange     '0.35.0',
116 silly addNameRange     '1.0.0',
116 silly addNameRange     '1.0.1',
116 silly addNameRange     '1.0.2',
116 silly addNameRange     '1.1.0',
116 silly addNameRange     '1.1.1',
116 silly addNameRange     '1.1.2',
116 silly addNameRange     '1.1.3',
116 silly addNameRange     '1.1.4',
116 silly addNameRange     '1.1.5',
116 silly addNameRange     '1.2.0',
116 silly addNameRange     '1.3.0',
116 silly addNameRange     '1.3.1',
116 silly addNameRange     '1.4.0',
116 silly addNameRange     '1.4.1',
116 silly addNameRange     '1.4.2',
116 silly addNameRange     '1.5.0',
116 silly addNameRange     '1.6.0',
116 silly addNameRange     '1.7.0',
116 silly addNameRange     '1.8.0',
116 silly addNameRange     '1.8.1',
116 silly addNameRange     '1.8.2',
116 silly addNameRange     '1.9.0',
116 silly addNameRange     '1.9.1',
116 silly addNameRange     '1.9.2' ] ]
117 verbose addNamed [ 'jade', '1.9.2' ]
118 verbose addNamed [ '1.9.2', '1.9.2' ]
119 silly lockFile 20e0e06b-jade-1-9-2 jade@1.9.2
120 verbose lock jade@1.9.2 /Users/shma/.npm/20e0e06b-jade-1-9-2.lock
121 silly lockFile 481cf773-ry-npmjs-org-jade-jade-1-9-2-tgz https://registry.npmjs.org/jade/-/jade-1.9.2.tgz
122 verbose lock https://registry.npmjs.org/jade/-/jade-1.9.2.tgz /Users/shma/.npm/481cf773-ry-npmjs-org-jade-jade-1-9-2-tgz.lock
123 verbose addRemoteTarball [ 'https://registry.npmjs.org/jade/-/jade-1.9.2.tgz',
123 verbose addRemoteTarball   '0b89f9c60d4ead2738e826ba7b2ccac9a5702abe' ]
124 info retry fetch attempt 1 at 15:07:50
125 verbose fetch to= /var/folders/pt/jkvv7hld7jdgqqjvl_n11p4h0000gn/T/npm-24364-byaraiYa/registry.npmjs.org/jade/-/jade-1.9.2.tgz
126 http GET https://registry.npmjs.org/jade/-/jade-1.9.2.tgz
127 http 200 https://registry.npmjs.org/jade/-/jade-1.9.2.tgz
128 silly lockFile 481cf773-ry-npmjs-org-jade-jade-1-9-2-tgz https://registry.npmjs.org/jade/-/jade-1.9.2.tgz
129 silly lockFile 481cf773-ry-npmjs-org-jade-jade-1-9-2-tgz https://registry.npmjs.org/jade/-/jade-1.9.2.tgz
130 silly lockFile 20e0e06b-jade-1-9-2 jade@1.9.2
131 silly lockFile 20e0e06b-jade-1-9-2 jade@1.9.2
132 silly lockFile ee522cbd-jade-1-9-2 jade@~1.9.2
133 silly lockFile ee522cbd-jade-1-9-2 jade@~1.9.2
134 http 200 https://registry.npmjs.org/body-parser
135 silly registry.get cb [ 200,
135 silly registry.get   { server: 'CouchDB/1.5.0 (Erlang OTP/R16B03)',
135 silly registry.get     etag: '"9F5OOY7M0AG2U5E6NXNEY6MHR"',
135 silly registry.get     'content-type': 'application/json',
135 silly registry.get     'cache-control': 'max-age=60',
135 silly registry.get     'content-length': '97501',
135 silly registry.get     'accept-ranges': 'bytes',
135 silly registry.get     date: 'Mon, 11 May 2015 06:07:49 GMT',
135 silly registry.get     via: '1.1 varnish',
135 silly registry.get     age: '4',
135 silly registry.get     connection: 'keep-alive',
135 silly registry.get     'x-served-by': 'cache-nrt6130-NRT',
135 silly registry.get     'x-cache': 'HIT',
135 silly registry.get     'x-cache-hits': '1',
135 silly registry.get     'x-timer': 'S1431324469.430771,VS0,VE0',
135 silly registry.get     vary: 'Accept' } ]
136 silly addNameRange number 2 { name: 'body-parser',
136 silly addNameRange   range: '>=1.12.0-0 <1.13.0-0',
136 silly addNameRange   hasData: true }
137 silly addNameRange versions [ 'body-parser',
137 silly addNameRange   [ '1.0.0',
137 silly addNameRange     '1.0.1',
137 silly addNameRange     '1.0.2',
137 silly addNameRange     '1.1.0',
137 silly addNameRange     '1.1.1',
137 silly addNameRange     '1.1.2',
137 silly addNameRange     '1.2.0',
137 silly addNameRange     '1.2.1',
137 silly addNameRange     '1.2.2',
137 silly addNameRange     '1.3.0',
137 silly addNameRange     '1.3.1',
137 silly addNameRange     '1.4.0',
137 silly addNameRange     '1.4.1',
137 silly addNameRange     '1.4.2',
137 silly addNameRange     '1.4.3',
137 silly addNameRange     '1.5.0',
137 silly addNameRange     '1.5.1',
137 silly addNameRange     '1.5.2',
137 silly addNameRange     '1.6.0',
137 silly addNameRange     '1.6.1',
137 silly addNameRange     '1.6.2',
137 silly addNameRange     '1.6.3',
137 silly addNameRange     '1.6.4',
137 silly addNameRange     '1.6.5',
137 silly addNameRange     '1.6.6',
137 silly addNameRange     '1.6.7',
137 silly addNameRange     '1.7.0',
137 silly addNameRange     '1.8.0',
137 silly addNameRange     '1.8.1',
137 silly addNameRange     '1.8.2',
137 silly addNameRange     '1.8.3',
137 silly addNameRange     '1.8.4',
137 silly addNameRange     '1.9.0',
137 silly addNameRange     '1.9.1',
137 silly addNameRange     '1.9.2',
137 silly addNameRange     '1.9.3',
137 silly addNameRange     '1.10.0',
137 silly addNameRange     '1.10.1',
137 silly addNameRange     '1.10.2',
137 silly addNameRange     '1.11.0',
137 silly addNameRange     '1.12.0',
137 silly addNameRange     '1.12.1',
137 silly addNameRange     '1.12.2',
137 silly addNameRange     '1.12.3',
137 silly addNameRange     '1.12.4' ] ]
138 verbose addNamed [ 'body-parser', '1.12.4' ]
139 verbose addNamed [ '1.12.4', '1.12.4' ]
140 silly lockFile b06c8939-body-parser-1-12-4 body-parser@1.12.4
141 verbose lock body-parser@1.12.4 /Users/shma/.npm/b06c8939-body-parser-1-12-4.lock
142 silly lockFile 36923138-dy-parser-body-parser-1-12-4-tgz https://registry.npmjs.org/body-parser/-/body-parser-1.12.4.tgz
143 verbose lock https://registry.npmjs.org/body-parser/-/body-parser-1.12.4.tgz /Users/shma/.npm/36923138-dy-parser-body-parser-1-12-4-tgz.lock
144 verbose addRemoteTarball [ 'https://registry.npmjs.org/body-parser/-/body-parser-1.12.4.tgz',
144 verbose addRemoteTarball   '090700c4ba28862a8520ef378395fdee5f61c229' ]
145 info retry fetch attempt 1 at 15:07:50
146 verbose fetch to= /var/folders/pt/jkvv7hld7jdgqqjvl_n11p4h0000gn/T/npm-24364-byaraiYa/registry.npmjs.org/body-parser/-/body-parser-1.12.4.tgz
147 http GET https://registry.npmjs.org/body-parser/-/body-parser-1.12.4.tgz
148 http 200 https://registry.npmjs.org/body-parser/-/body-parser-1.12.4.tgz
149 silly lockFile 36923138-dy-parser-body-parser-1-12-4-tgz https://registry.npmjs.org/body-parser/-/body-parser-1.12.4.tgz
150 silly lockFile 36923138-dy-parser-body-parser-1-12-4-tgz https://registry.npmjs.org/body-parser/-/body-parser-1.12.4.tgz
151 silly lockFile b06c8939-body-parser-1-12-4 body-parser@1.12.4
152 silly lockFile b06c8939-body-parser-1-12-4 body-parser@1.12.4
153 silly lockFile 6121e062-body-parser-1-12-0 body-parser@~1.12.0
154 silly lockFile 6121e062-body-parser-1-12-0 body-parser@~1.12.0
155 error Error: EACCES, mkdir '/Users/shma/.npm/body-parser/1.12.4'
155 error  { [Error: EACCES, mkdir '/Users/shma/.npm/body-parser/1.12.4']
155 error   errno: 3,
155 error   code: 'EACCES',
155 error   path: '/Users/shma/.npm/body-parser/1.12.4',
155 error   parent: 'dmx-node' }
156 error Please try running this command again as root/Administrator.
157 error System Darwin 14.0.0
158 error command "/Users/shma/.nodebrew/current/bin/node" "/Users/shma/.nodebrew/current/bin/npm" "install"
159 error cwd /Users/shma/work/dmx-node
160 error node -v v0.10.32
161 error npm -v 1.4.28
162 error path /Users/shma/.npm/body-parser/1.12.4
163 error code EACCES
164 error errno 3
165 error stack Error: EACCES, mkdir '/Users/shma/.npm/body-parser/1.12.4'
166 verbose exit [ 3, true ]
